[0315/012401.446:ERROR:process_memory_win.cc(73)] ReadMemory at 0x7ff6bbd90000 of 64 bytes failed: Запрос ReadProcessMemory или WriteProcessMemory был выполнен только частично. (0x12B)
[0315/012401.467:WARNING:pe_image_reader.cc(340)] could not read dos header from C:\Program Files (x86)\Google\Chrome\Application\chrome.exe
[0315/012401.467:ERROR:process_memory_win.cc(73)] ReadMemory at 0x7ffeb9520000 of 64 bytes failed: Запрос ReadProcessMemory или WriteProcessMemory был выполнен только частично. (0x12B)
[0315/012401.467:WARNING:pe_image_reader.cc(340)] could not read dos header from C:\WINDOWS\SYSTEM32\ntdll.dll
[0315/012401.467:ERROR:process_memory_win.cc(73)] ReadMemory at 0x7ffeb92b0000 of 64 bytes failed: Запрос ReadProcessMemory или WriteProcessMemory был выполнен только частично. (0x12B)
[0315/012401.474:WARNING:pe_image_reader.cc(340)] could not read dos header from C:\WINDOWS\System32\KERNEL32.DLL
[0315/012401.474:ERROR:process_memory_win.cc(73)] ReadMemory at 0x7ffeb6560000 of 64 bytes failed: Запрос ReadProcessMemory или WriteProcessMemory был выполнен только частично. (0x12B)
[0315/012401.474:WARNING:pe_image_reader.cc(340)] could not read dos header from C:\WINDOWS\System32\KERNELBASE.dll
[0315/012401.474:ERROR:process_memory_win.cc(73)] ReadMemory at 0x7ffea84f0000 of 64 bytes failed: Запрос ReadProcessMemory или WriteProcessMemory был выполнен только частично. (0x12B)
[0315/012401.474:WARNING:pe_image_reader.cc(340)] could not read dos header from C:\Program Files (x86)\Google\Chrome\Application\80.0.3987.132\chrome_elf.dll
[0315/012401.474:ERROR:process_memory_win.cc(73)] ReadMemory at 0x7ffeaea30000 of 64 bytes failed: Запрос ReadProcessMemory или WriteProcessMemory был выполнен только частично. (0x12B)
[0315/012401.474:WARNING:pe_image_reader.cc(340)] could not read dos header from C:\WINDOWS\SYSTEM32\VERSION.dll
[0315/012401.474:ERROR:process_memory_win.cc(73)] ReadMemory at 0x7ffeb7750000 of 64 bytes failed: Запрос ReadProcessMemory или WriteProcessMemory был выполнен только частично. (0x12B)
[0315/012401.474:WARNING:pe_image_reader.cc(340)] could not read dos header from C:\WINDOWS\System32\msvcrt.dll
[0315/012401.474:ERROR:process_memory_win.cc(73)] ReadMemory at 0x7ffeb6810000 of 64 bytes failed: Запрос ReadProcessMemory или WriteProcessMemory был выполнен только частично. (0x12B)
[0315/012401.474:WARNING:pe_image_reader.cc(340)] could not read dos header from C:\WINDOWS\System32\bcryptPrimitives.dll
[0315/012401.474:ERROR:process_memory_win.cc(73)] ReadMemory at 0x7ffeb8340000 of 64 bytes failed: Запрос ReadProcessMemory или WriteProcessMemory был выполнен только частично. (0x12B)
[0315/012401.474:WARNING:pe_image_reader.cc(340)] could not read dos header from C:\WINDOWS\System32\ADVAPI32.dll
[0315/012401.474:ERROR:process_memory_win.cc(73)] ReadMemory at 0x7ffeb8170000 of 64 bytes failed: Запрос ReadProcessMemory или WriteProcessMemory был выполнен только частично. (0x12B)
[0315/012401.475:WARNING:pe_image_reader.cc(340)] could not read dos header from C:\WINDOWS\System32\sechost.dll
[0315/012401.475:ERROR:process_memory_win.cc(73)] ReadMemory at 0x7ffeb8220000 of 64 bytes failed: Запрос ReadProcessMemory или WriteProcessMemory был выполнен только частично. (0x12B)
[0315/012401.475:WARNING:pe_image_reader.cc(340)] could not read dos header from C:\WINDOWS\System32\RPCRT4.dll
[0315/012401.475:ERROR:process_memory_win.cc(73)] ReadMemory at 0x7ffe3e550000 of 64 bytes failed: Запрос ReadProcessMemory или WriteProcessMemory был выполнен только частично. (0x12B)
[0315/012401.475:WARNING:pe_image_reader.cc(340)] could not read dos header from C:\Program Files (x86)\Google\Chrome\Application\80.0.3987.132\chrome.dll
[0315/012401.475:ERROR:process_memory_win.cc(73)] ReadMemory at 0x7ffeb9000000 of 64 bytes failed: Запрос ReadProcessMemory или WriteProcessMemory был выполнен только частично. (0x12B)
[0315/012401.475:WARNING:pe_image_reader.cc(340)] could not read dos header from C:\WINDOWS\System32\WS2_32.dll
[0315/012401.475:ERROR:process_memory_win.cc(73)] ReadMemory at 0x7ffeb8ae0000 of 64 bytes failed: Запрос ReadProcessMemory или WriteProcessMemory был выполнен только частично. (0x12B)
[0315/012401.475:WARNING:pe_image_reader.cc(340)] could not read dos header from C:\WINDOWS\System32\OLEAUT32.dll
[0315/012401.475:ERROR:process_memory_win.cc(73)] ReadMemory at 0x7ffeb6930000 of 64 bytes failed: Запрос ReadProcessMemory или WriteProcessMemory был выполнен только частично. (0x12B)
[0315/012401.475:WARNING:pe_image_reader.cc(340)] could not read dos header from C:\WINDOWS\System32\msvcp_win.dll
[0315/012401.475:ERROR:process_memory_win.cc(73)] ReadMemory at 0x7ffeb74a0000 of 64 bytes failed: Запрос ReadProcessMemory или WriteProcessMemory был выполнен только частично. (0x12B)
[0315/012401.475:WARNING:pe_image_reader.cc(340)] could not read dos header from C:\WINDOWS\System32\ucrtbase.dll
[0315/012401.475:ERROR:process_memory_win.cc(73)] ReadMemory at 0x7ffeb8bb0000 of 64 bytes failed: Запрос ReadProcessMemory или WriteProcessMemory был выполнен только частично. (0x12B)
[0315/012401.475:WARNING:pe_image_reader.cc(340)] could not read dos header from C:\WINDOWS\System32\combase.dll
[0315/012401.475:ERROR:process_memory_win.cc(73)] ReadMemory at 0x7ffeb72a0000 of 64 bytes failed: Запрос ReadProcessMemory или WriteProcessMemory был выполнен только частично. (0x12B)
[0315/012401.475:WARNING:pe_image_reader.cc(340)] could not read dos header from C:\WINDOWS\System32\WINTRUST.dll
[0315/012401.475:ERROR:process_memory_win.cc(73)] ReadMemory at 0x7ffeb6460000 of 64 bytes failed: Запрос ReadProcessMemory или WriteProcessMemory был выполнен только частично. (0x12B)
[0315/012401.475:WARNING:pe_image_reader.cc(340)] could not read dos header from C:\WINDOWS\System32\MSASN1.dll
[0315/012401.475:ERROR:process_memory_win.cc(73)] ReadMemory at 0x7ffeb7150000 of 64 bytes failed: Запрос ReadProcessMemory или WriteProcessMemory был выполнен только частично. (0x12B)
[0315/012401.475:WARNING:pe_image_reader.cc(340)] could not read dos header from C:\WINDOWS\System32\CRYPT32.dll
[0315/012401.475:ERROR:process_memory_win.cc(73)] ReadMemory at 0x7ffeb5250000 of 64 bytes failed: Запрос ReadProcessMemory или WriteProcessMemory был выполнен только частично. (0x12B)
[0315/012401.475:WARNING:pe_image_reader.cc(340)] could not read dos header from C:\WINDOWS\SYSTEM32\IPHLPAPI.DLL
[0315/012401.475:ERROR:process_memory_win.cc(73)] ReadMemory at 0x7ffeb3630000 of 64 bytes failed: Запрос ReadProcessMemory или WriteProcessMemory был выполнен только частично. (0x12B)
[0315/012401.475:WARNING:pe_image_reader.cc(340)] could not read dos header from C:\WINDOWS\SYSTEM32\WINMM.dll
[0315/012401.475:ERROR:process_memory_win.cc(73)] ReadMemory at 0x7ffea2d70000 of 64 bytes failed: Запрос ReadProcessMemory или WriteProcessMemory был выполнен только частично. (0x12B)
[0315/012401.475:WARNING:pe_image_reader.cc(340)] could not read dos header from C:\WINDOWS\SYSTEM32\Secur32.dll
[0315/012401.475:ERROR:process_memory_win.cc(73)] ReadMemory at 0x7ffeb62d0000 of 64 bytes failed: Запрос ReadProcessMemory или WriteProcessMemory был выполнен только частично. (0x12B)
[0315/012401.475:WARNING:pe_image_reader.cc(340)] could not read dos header from C:\WINDOWS\SYSTEM32\USERENV.dll
[0315/012401.475:ERROR:process_memory_win.cc(73)] ReadMemory at 0x7ffeb63c0000 of 64 bytes failed: Запрос ReadProcessMemory или WriteProcessMemory был выполнен только частично. (0x12B)
[0315/012401.475:WARNING:pe_image_reader.cc(340)] could not read dos header from C:\WINDOWS\System32\profapi.dll
[0315/012401.475:ERROR:process_memory_win.cc(73)] ReadMemory at 0x7ffe89be0000 of 64 bytes failed: Запрос ReadProcessMemory или WriteProcessMemory был выполнен только частично. (0x12B)
[0315/012401.475:WARNING:pe_image_reader.cc(340)] could not read dos header from C:\WINDOWS\SYSTEM32\UIAutomationCore.DLL
[0315/012401.476:ERROR:process_memory_win.cc(73)] ReadMemory at 0x7ffea0810000 of 64 bytes failed: Запрос ReadProcessMemory или WriteProcessMemory был выполнен только частично. (0x12B)
[0315/012401.476:WARNING:pe_image_reader.cc(340)] could not read dos header from C:\WINDOWS\SYSTEM32\DWrite.dll
[0315/012401.476:ERROR:process_memory_win.cc(73)] ReadMemory at 0x7ffea7c20000 of 64 bytes failed: Запрос ReadProcessMemory или WriteProcessMemory был выполнен только частично. (0x12B)
[0315/012401.476:WARNING:pe_image_reader.cc(340)] could not read dos header from C:\WINDOWS\SYSTEM32\WINSPOOL.DRV
[0315/012401.476:ERROR:process_memory_win.cc(73)] ReadMemory at 0x7ffeb6440000 of 64 bytes failed: Запрос ReadProcessMemory или WriteProcessMemory был выполнен только частично. (0x12B)
[0315/012401.476:WARNING:pe_image_reader.cc(340)] could not read dos header from C:\WINDOWS\System32\kernel.appcore.dll
[0315/012401.476:ERROR:process_memory_win.cc(73)] ReadMemory at 0x7ffeb6900000 of 64 bytes failed: Запрос ReadProcessMemory или WriteProcessMemory был выполнен только частично. (0x12B)
[0315/012401.476:WARNING:pe_image_reader.cc(340)] could not read dos header from C:\WINDOWS\System32\bcrypt.dll
[0315/012401.476:ERROR:process_memory_win.cc(73)] ReadMemory at 0x7ffeb5ed0000 of 64 bytes failed: Запрос ReadProcessMemory или WriteProcessMemory был выполнен только частично. (0x12B)
[0315/012401.476:WARNING:pe_image_reader.cc(340)] could not read dos header from C:\WINDOWS\SYSTEM32\dbghelp.dll
[0315/012401.476:ERROR:process_memory_win.cc(73)] ReadMemory at 0x7ffea6ee0000 of 64 bytes failed: Запрос ReadProcessMemory или WriteProcessMemory был выполнен только частично. (0x12B)
[0315/012401.476:WARNING:pe_image_reader.cc(340)] could not read dos header from C:\WINDOWS\SYSTEM32\WINHTTP.dll
[0315/012401.476:ERROR:process_memory_win.cc(73)] ReadMemory at 0x7ffead3b0000 of 64 bytes failed: Запрос ReadProcessMemory или WriteProcessMemory был выполнен только частично. (0x12B)
[0315/012401.476:WARNING:pe_image_reader.cc(340)] could not read dos header from C:\WINDOWS\SYSTEM32\dhcpcsvc.DLL
[0315/012401.476:ERROR:process_memory_win.cc(73)] ReadMemory at 0x7ffeb7b40000 of 64 bytes failed: Запрос ReadProcessMemory или WriteProcessMemory был выполнен только частично. (0x12B)
[0315/012401.476:WARNING:pe_image_reader.cc(340)] could not read dos header from C:\WINDOWS\System32\NSI.dll
[0315/012401.476:ERROR:process_memory_win.cc(73)] ReadMemory at 0x7ffeb3600000 of 64 bytes failed: Запрос ReadProcessMemory или WriteProcessMemory был выполнен только частично. (0x12B)
[0315/012401.476:WARNING:pe_image_reader.cc(340)] could not read dos header from C:\WINDOWS\SYSTEM32\WINMMBASE.dll
[0315/012401.476:ERROR:process_memory_win.cc(73)] ReadMemory at 0x7ffeb68b0000 of 64 bytes failed: Запрос ReadProcessMemory или WriteProcessMemory был выполнен только частично. (0x12B)
[0315/012401.476:WARNING:pe_image_reader.cc(340)] could not read dos header from C:\WINDOWS\System32\cfgmgr32.dll
[0315/012401.476:ERROR:process_memory_win.cc(73)] ReadMemory at 0x7ffeb3350000 of 64 bytes failed: Запрос ReadProcessMemory или WriteProcessMemory был выполнен только частично. (0x12B)
[0315/012401.476:WARNING:pe_image_reader.cc(340)] could not read dos header from C:\WINDOWS\SYSTEM32\PROPSYS.dll
[0315/012401.476:ERROR:process_memory_win.cc(73)] ReadMemory at 0x7ffeb7b50000 of 64 bytes failed: Запрос ReadProcessMemory или WriteProcessMemory был выполнен только частично. (0x12B)
[0315/012401.476:WARNING:pe_image_reader.cc(340)] could not read dos header from C:\WINDOWS\System32\shcore.dll
[0315/012401.476:ERROR:process_memory_win.cc(73)] ReadMemory at 0x7ffeb62a0000 of 64 bytes failed: Запрос ReadProcessMemory или WriteProcessMemory был выполнен только частично. (0x12B)
[0315/012401.476:WARNING:pe_image_reader.cc(340)] could not read dos header from C:\WINDOWS\SYSTEM32\SSPICLI.DLL
[0315/012401.476:ERROR:process_memory_win.cc(73)] ReadMemory at 0x7ffeb5790000 of 64 bytes failed: Запрос ReadProcessMemory или WriteProcessMemory был выполнен только частично. (0x12B)
[0315/012401.476:WARNING:pe_image_reader.cc(340)] could not read dos header from C:\WINDOWS\SYSTEM32\CRYPTBASE.DLL
[0315/012401.476:ERROR:process_memory_win.cc(73)] ReadMemory at 0x7ff6bbd90000 of 64 bytes failed: Запрос ReadProcessMemory или WriteProcessMemory был выполнен только частично. (0x12B)
[0315/012401.476:WARNING:pe_image_reader.cc(340)] could not read dos header from C:\Program Files (x86)\Google\Chrome\Application\chrome.exe
[0315/012401.476:ERROR:process_memory_win.cc(73)] ReadMemory at 0x7ffeb9520000 of 64 bytes failed: Запрос ReadProcessMemory или WriteProcessMemory был выполнен только частично. (0x12B)
[0315/012401.476:WARNING:pe_image_reader.cc(340)] could not read dos header from C:\WINDOWS\SYSTEM32\ntdll.dll
[0315/012401.476:ERROR:process_memory_win.cc(73)] ReadMemory at 0x7ffeb92b0000 of 64 bytes failed: Запрос ReadProcessMemory или WriteProcessMemory был выполнен только частично. (0x12B)
[0315/012401.477:WARNING:pe_image_reader.cc(340)] could not read dos header from C:\WINDOWS\System32\KERNEL32.DLL
[0315/012401.477:ERROR:process_memory_win.cc(73)] ReadMemory at 0x7ffeb6560000 of 64 bytes failed: Запрос ReadProcessMemory или WriteProcessMemory был выполнен только частично. (0x12B)
[0315/012401.477:WARNING:pe_image_reader.cc(340)] could not read dos header from C:\WINDOWS\System32\KERNELBASE.dll
[0315/012401.477:ERROR:process_memory_win.cc(73)] ReadMemory at 0x7ffea84f0000 of 64 bytes failed: Запрос ReadProcessMemory или WriteProcessMemory был выполнен только частично. (0x12B)
[0315/012401.477:WARNING:pe_image_reader.cc(340)] could not read dos header from C:\Program Files (x86)\Google\Chrome\Application\80.0.3987.132\chrome_elf.dll
[0315/012401.477:ERROR:process_memory_win.cc(73)] ReadMemory at 0x7ffeaea30000 of 64 bytes failed: Запрос ReadProcessMemory или WriteProcessMemory был выполнен только частично. (0x12B)
[0315/012401.477:WARNING:pe_image_reader.cc(340)] could not read dos header from C:\WINDOWS\SYSTEM32\VERSION.dll
[0315/012401.477:ERROR:process_memory_win.cc(73)] ReadMemory at 0x7ffeb7750000 of 64 bytes failed: Запрос ReadProcessMemory или WriteProcessMemory был выполнен только частично. (0x12B)
[0315/012401.477:WARNING:pe_image_reader.cc(340)] could not read dos header from C:\WINDOWS\System32\msvcrt.dll
[0315/012401.477:ERROR:process_memory_win.cc(73)] ReadMemory at 0x7ffeb6810000 of 64 bytes failed: Запрос ReadProcessMemory или WriteProcessMemory был выполнен только частично. (0x12B)
[0315/012401.477:WARNING:pe_image_reader.cc(340)] could not read dos header from C:\WINDOWS\System32\bcryptPrimitives.dll
[0315/012401.477:ERROR:process_memory_win.cc(73)] ReadMemory at 0x7ffeb8340000 of 64 bytes failed: Запрос ReadProcessMemory или WriteProcessMemory был выполнен только частично. (0x12B)
[0315/012401.477:WARNING:pe_image_reader.cc(340)] could not read dos header from C:\WINDOWS\System32\ADVAPI32.dll
[0315/012401.477:ERROR:process_memory_win.cc(73)] ReadMemory at 0x7ffeb8170000 of 64 bytes failed: Запрос ReadProcessMemory или WriteProcessMemory был выполнен только частично. (0x12B)
[0315/012401.477:WARNING:pe_image_reader.cc(340)] could not read dos header from C:\WINDOWS\System32\sechost.dll
[0315/012401.477:ERROR:process_memory_win.cc(73)] ReadMemory at 0x7ffeb8220000 of 64 bytes failed: Запрос ReadProcessMemory или WriteProcessMemory был выполнен только частично. (0x12B)
[0315/012401.477:WARNING:pe_image_reader.cc(340)] could not read dos header from C:\WINDOWS\System32\RPCRT4.dll
[0315/012401.477:ERROR:process_memory_win.cc(73)] ReadMemory at 0x7ffe3e550000 of 64 bytes failed: Запрос ReadProcessMemory или WriteProcessMemory был выполнен только частично. (0x12B)
[0315/012401.477:WARNING:pe_image_reader.cc(340)] could not read dos header from C:\Program Files (x86)\Google\Chrome\Application\80.0.3987.132\chrome.dll
[0315/012401.477:ERROR:process_memory_win.cc(73)] ReadMemory at 0x7ffeb9000000 of 64 bytes failed: Запрос ReadProcessMemory или WriteProcessMemory был выполнен только частично. (0x12B)
[0315/012401.477:WARNING:pe_image_reader.cc(340)] could not read dos header from C:\WINDOWS\System32\WS2_32.dll
[0315/012401.477:ERROR:process_memory_win.cc(73)] ReadMemory at 0x7ffeb8ae0000 of 64 bytes failed: Запрос ReadProcessMemory или WriteProcessMemory был выполнен только частично. (0x12B)
[0315/012401.477:WARNING:pe_image_reader.cc(340)] could not read dos header from C:\WINDOWS\System32\OLEAUT32.dll
[0315/012401.477:ERROR:process_memory_win.cc(73)] ReadMemory at 0x7ffeb6930000 of 64 bytes failed: Запрос ReadProcessMemory или WriteProcessMemory был выполнен только частично. (0x12B)
[0315/012401.477:WARNING:pe_image_reader.cc(340)] could not read dos header from C:\WINDOWS\System32\msvcp_win.dll
[0315/012401.477:ERROR:process_memory_win.cc(73)] ReadMemory at 0x7ffeb74a0000 of 64 bytes failed: Запрос ReadProcessMemory или WriteProcessMemory был выполнен только частично. (0x12B)
[0315/012401.477:WARNING:pe_image_reader.cc(340)] could not read dos header from C:\WINDOWS\System32\ucrtbase.dll
[0315/012401.477:ERROR:process_memory_win.cc(73)] ReadMemory at 0x7ffeb8bb0000 of 64 bytes failed: Запрос ReadProcessMemory или WriteProcessMemory был выполнен только частично. (0x12B)
[0315/012401.477:WARNING:pe_image_reader.cc(340)] could not read dos header from C:\WINDOWS\System32\combase.dll
[0315/012401.477:ERROR:process_memory_win.cc(73)] ReadMemory at 0x7ffeb72a0000 of 64 bytes failed: Запрос ReadProcessMemory или WriteProcessMemory был выполнен только частично. (0x12B)
[0315/012401.477:WARNING:pe_image_reader.cc(340)] could not read dos header from C:\WINDOWS\System32\WINTRUST.dll
[0315/012401.477:ERROR:process_memory_win.cc(73)] ReadMemory at 0x7ffeb6460000 of 64 bytes failed: Запрос ReadProcessMemory или WriteProcessMemory был выполнен только частично. (0x12B)
[0315/012401.477:WARNING:pe_image_reader.cc(340)] could not read dos header from C:\WINDOWS\System32\MSASN1.dll
[0315/012401.478:ERROR:process_memory_win.cc(73)] ReadMemory at 0x7ffeb7150000 of 64 bytes failed: Запрос ReadProcessMemory или WriteProcessMemory был выполнен только частично. (0x12B)
[0315/012401.478:WARNING:pe_image_reader.cc(340)] could not read dos header from C:\WINDOWS\System32\CRYPT32.dll
[0315/012401.478:ERROR:process_memory_win.cc(73)] ReadMemory at 0x7ffeb5250000 of 64 bytes failed: Запрос ReadProcessMemory или WriteProcessMemory был выполнен только частично. (0x12B)
[0315/012401.478:WARNING:pe_image_reader.cc(340)] could not read dos header from C:\WINDOWS\SYSTEM32\IPHLPAPI.DLL
[0315/012401.478:ERROR:process_memory_win.cc(73)] ReadMemory at 0x7ffeb3630000 of 64 bytes failed: Запрос ReadProcessMemory или WriteProcessMemory был выполнен только частично. (0x12B)
[0315/012401.478:WARNING:pe_image_reader.cc(340)] could not read dos header from C:\WINDOWS\SYSTEM32\WINMM.dll
[0315/012401.478:ERROR:process_memory_win.cc(73)] ReadMemory at 0x7ffea2d70000 of 64 bytes failed: Запрос ReadProcessMemory или WriteProcessMemory был выполнен только частично. (0x12B)
[0315/012401.478:WARNING:pe_image_reader.cc(340)] could not read dos header from C:\WINDOWS\SYSTEM32\Secur32.dll
[0315/012401.478:ERROR:process_memory_win.cc(73)] ReadMemory at 0x7ffeb62d0000 of 64 bytes failed: Запрос ReadProcessMemory или WriteProcessMemory был выполнен только частично. (0x12B)
[0315/012401.478:WARNING:pe_image_reader.cc(340)] could not read dos header from C:\WINDOWS\SYSTEM32\USERENV.dll
[0315/012401.478:ERROR:process_memory_win.cc(73)] ReadMemory at 0x7ffeb63c0000 of 64 bytes failed: Запрос ReadProcessMemory или WriteProcessMemory был выполнен только частично. (0x12B)
[0315/012401.478:WARNING:pe_image_reader.cc(340)] could not read dos header from C:\WINDOWS\System32\profapi.dll
[0315/012401.478:ERROR:process_memory_win.cc(73)] ReadMemory at 0x7ffe89be0000 of 64 bytes failed: Запрос ReadProcessMemory или WriteProcessMemory был выполнен только частично. (0x12B)
[0315/012401.478:WARNING:pe_image_reader.cc(340)] could not read dos header from C:\WINDOWS\SYSTEM32\UIAutomationCore.DLL
[0315/012401.478:ERROR:process_memory_win.cc(73)] ReadMemory at 0x7ffea0810000 of 64 bytes failed: Запрос ReadProcessMemory или WriteProcessMemory был выполнен только частично. (0x12B)
[0315/012401.478:WARNING:pe_image_reader.cc(340)] could not read dos header from C:\WINDOWS\SYSTEM32\DWrite.dll
[0315/012401.478:ERROR:process_memory_win.cc(73)] ReadMemory at 0x7ffea7c20000 of 64 bytes failed: Запрос ReadProcessMemory или WriteProcessMemory был выполнен только частично. (0x12B)
[0315/012401.478:WARNING:pe_image_reader.cc(340)] could not read dos header from C:\WINDOWS\SYSTEM32\WINSPOOL.DRV
[0315/012401.478:ERROR:process_memory_win.cc(73)] ReadMemory at 0x7ffeb6440000 of 64 bytes failed: Запрос ReadProcessMemory или WriteProcessMemory был выполнен только частично. (0x12B)
[0315/012401.478:WARNING:pe_image_reader.cc(340)] could not read dos header from C:\WINDOWS\System32\kernel.appcore.dll
[0315/012401.478:ERROR:process_memory_win.cc(73)] ReadMemory at 0x7ffeb6900000 of 64 bytes failed: Запрос ReadProcessMemory или WriteProcessMemory был выполнен только частично. (0x12B)
[0315/012401.478:WARNING:pe_image_reader.cc(340)] could not read dos header from C:\WINDOWS\System32\bcrypt.dll
[0315/012401.478:ERROR:process_memory_win.cc(73)] ReadMemory at 0x7ffeb5ed0000 of 64 bytes failed: Запрос ReadProcessMemory или WriteProcessMemory был выполнен только частично. (0x12B)
[0315/012401.478:WARNING:pe_image_reader.cc(340)] could not read dos header from C:\WINDOWS\SYSTEM32\dbghelp.dll
[0315/012401.478:ERROR:process_memory_win.cc(73)] ReadMemory at 0x7ffea6ee0000 of 64 bytes failed: Запрос ReadProcessMemory или WriteProcessMemory был выполнен только частично. (0x12B)
[0315/012401.478:WARNING:pe_image_reader.cc(340)] could not read dos header from C:\WINDOWS\SYSTEM32\WINHTTP.dll
[0315/012401.478:ERROR:process_memory_win.cc(73)] ReadMemory at 0x7ffead3b0000 of 64 bytes failed: Запрос ReadProcessMemory или WriteProcessMemory был выполнен только частично. (0x12B)
[0315/012401.478:WARNING:pe_image_reader.cc(340)] could not read dos header from C:\WINDOWS\SYSTEM32\dhcpcsvc.DLL
[0315/012401.478:ERROR:process_memory_win.cc(73)] ReadMemory at 0x7ffeb7b40000 of 64 bytes failed: Запрос ReadProcessMemory или WriteProcessMemory был выполнен только частично. (0x12B)
[0315/012401.478:WARNING:pe_image_reader.cc(340)] could not read dos header from C:\WINDOWS\System32\NSI.dll
[0315/012401.478:ERROR:process_memory_win.cc(73)] ReadMemory at 0x7ffeb3600000 of 64 bytes failed: Запрос ReadProcessMemory или WriteProcessMemory был выполнен только частично. (0x12B)
[0315/012401.478:WARNING:pe_image_reader.cc(340)] could not read dos header from C:\WINDOWS\SYSTEM32\WINMMBASE.dll
[0315/012401.478:ERROR:process_memory_win.cc(73)] ReadMemory at 0x7ffeb68b0000 of 64 bytes failed: Запрос ReadProcessMemory или WriteProcessMemory был выполнен только частично. (0x12B)
[0315/012401.478:WARNING:pe_image_reader.cc(340)] could not read dos header from C:\WINDOWS\System32\cfgmgr32.dll
[0315/012401.479:ERROR:process_memory_win.cc(73)] ReadMemory at 0x7ffeb3350000 of 64 bytes failed: Запрос ReadProcessMemory или WriteProcessMemory был выполнен только частично. (0x12B)
[0315/012401.479:WARNING:pe_image_reader.cc(340)] could not read dos header from C:\WINDOWS\SYSTEM32\PROPSYS.dll
[0315/012401.479:ERROR:process_memory_win.cc(73)] ReadMemory at 0x7ffeb7b50000 of 64 bytes failed: Запрос ReadProcessMemory или WriteProcessMemory был выполнен только частично. (0x12B)
[0315/012401.479:WARNING:pe_image_reader.cc(340)] could not read dos header from C:\WINDOWS\System32\shcore.dll
[0315/012401.479:ERROR:process_memory_win.cc(73)] ReadMemory at 0x7ffeb62a0000 of 64 bytes failed: Запрос ReadProcessMemory или WriteProcessMemory был выполнен только частично. (0x12B)
[0315/012401.479:WARNING:pe_image_reader.cc(340)] could not read dos header from C:\WINDOWS\SYSTEM32\SSPICLI.DLL
[0315/012401.479:ERROR:process_memory_win.cc(73)] ReadMemory at 0x7ffeb5790000 of 64 bytes failed: Запрос ReadProcessMemory или WriteProcessMemory был выполнен только частично. (0x12B)
[0315/012401.479:WARNING:pe_image_reader.cc(340)] could not read dos header from C:\WINDOWS\SYSTEM32\CRYPTBASE.DLL
[0315/012401.492:ERROR:process_memory_win.cc(73)] ReadMemory at 0xa7abbf9000 of 28672 bytes failed: Запрос ReadProcessMemory или WriteProcessMemory был выполнен только частично. (0x12B)
[0315/012401.492:ERROR:process_memory_win.cc(73)] ReadMemory at 0xa7ac3fd000 of 12288 bytes failed: Запрос ReadProcessMemory или WriteProcessMemory был выполнен только частично. (0x12B)
[0315/012401.492:ERROR:process_memory_win.cc(73)] ReadMemory at 0xa7acbfd000 of 12288 bytes failed: Запрос ReadProcessMemory или WriteProcessMemory был выполнен только частично. (0x12B)
[0315/012401.493:ERROR:process_memory_win.cc(73)] ReadMemory at 0xa7ad3fc000 of 16384 bytes failed: Запрос ReadProcessMemory или WriteProcessMemory был выполнен только частично. (0x12B)
[0315/012401.493:ERROR:process_memory_win.cc(73)] ReadMemory at 0xa7adbfc000 of 16384 bytes failed: Запрос ReadProcessMemory или WriteProcessMemory был выполнен только частично. (0x12B)
[0315/012401.493:ERROR:process_memory_win.cc(73)] ReadMemory at 0xa7ae3ff000 of 4096 bytes failed: Запрос ReadProcessMemory или WriteProcessMemory был выполнен только частично. (0x12B)
[0315/012401.493:ERROR:process_memory_win.cc(73)] ReadMemory at 0xa7aebfd000 of 12288 bytes failed: Запрос ReadProcessMemory или WriteProcessMemory был выполнен только частично. (0x12B)
[0315/012401.493:ERROR:process_memory_win.cc(73)] ReadMemory at 0xa7af3fd000 of 12288 bytes failed: Запрос ReadProcessMemory или WriteProcessMemory был выполнен только частично. (0x12B)
[0315/012401.493:ERROR:process_memory_win.cc(73)] ReadMemory at 0xa7afbfd000 of 12288 bytes failed: Запрос ReadProcessMemory или WriteProcessMemory был выполнен только частично. (0x12B)
[0315/012401.493:ERROR:process_memory_win.cc(73)] ReadMemory at 0xa7b03fd000 of 12288 bytes failed: Запрос ReadProcessMemory или WriteProcessMemory был выполнен только частично. (0x12B)
[0315/012401.493:ERROR:process_memory_win.cc(73)] ReadMemory at 0xa7b0bfd000 of 12288 bytes failed: Запрос ReadProcessMemory или WriteProcessMemory был выполнен только частично. (0x12B)
[0315/012401.493:ERROR:process_memory_win.cc(73)] ReadMemory at 0xa7b13fd000 of 12288 bytes failed: Запрос ReadProcessMemory или WriteProcessMemory был выполнен только частично. (0x12B)
[0315/012401.493:ERROR:process_memory_win.cc(73)] ReadMemory at 0xa7b1bfd000 of 12288 bytes failed: Запрос ReadProcessMemory или WriteProcessMemory был выполнен только частично. (0x12B)
[0315/012401.493:ERROR:process_memory_win.cc(73)] ReadMemory at 0xa7ab2ad000 of 852 bytes failed: Запрос ReadProcessMemory или WriteProcessMemory был выполнен только частично. (0x12B)
[0315/012401.493:ERROR:process_memory_win.cc(73)] ReadMemory at 0xa7ab2ae000 of 6024 bytes failed: Запрос ReadProcessMemory или WriteProcessMemory был выполнен только частично. (0x12B)
[0315/012401.494:ERROR:process_memory_win.cc(73)] ReadMemory at 0xa7ab2b0000 of 6024 bytes failed: Запрос ReadProcessMemory или WriteProcessMemory был выполнен только частично. (0x12B)
[0315/012401.494:ERROR:process_memory_win.cc(73)] ReadMemory at 0xa7ab2b2000 of 6024 bytes failed: Запрос ReadProcessMemory или WriteProcessMemory был выполнен только частично. (0x12B)
[0315/012401.494:ERROR:process_memory_win.cc(73)] ReadMemory at 0xa7ab2b4000 of 6024 bytes failed: Запрос ReadProcessMemory или WriteProcessMemory был выполнен только частично. (0x12B)
[0315/012401.494:ERROR:process_memory_win.cc(73)] ReadMemory at 0xa7ab2b6000 of 6024 bytes failed: Запрос ReadProcessMemory или WriteProcessMemory был выполнен только частично. (0x12B)
[0315/012401.494:ERROR:process_memory_win.cc(73)] ReadMemory at 0xa7ab2b8000 of 6024 bytes failed: Запрос ReadProcessMemory или WriteProcessMemory был выполнен только частично. (0x12B)
[0315/012401.494:ERROR:process_memory_win.cc(73)] ReadMemory at 0xa7ab2ba000 of 6024 bytes failed: Запрос ReadProcessMemory или WriteProcessMemory был выполнен только частично. (0x12B)
[0315/012401.494:ERROR:process_memory_win.cc(73)] ReadMemory at 0xa7ab2bc000 of 6024 bytes failed: Запрос ReadProcessMemory или WriteProcessMemory был выполнен только частично. (0x12B)
[0315/012401.494:ERROR:process_memory_win.cc(73)] ReadMemory at 0xa7ab2be000 of 6024 bytes failed: Запрос ReadProcessMemory или WriteProcessMemory был выполнен только частично. (0x12B)
[0315/012401.494:ERROR:process_memory_win.cc(73)] ReadMemory at 0xa7ab2c0000 of 6024 bytes failed: Запрос ReadProcessMemory или WriteProcessMemory был выполнен только частично. (0x12B)
[0315/012401.494:ERROR:process_memory_win.cc(73)] ReadMemory at 0xa7ab2c2000 of 6024 bytes failed: Запрос ReadProcessMemory или WriteProcessMemory был выполнен только частично. (0x12B)
[0315/012401.494:ERROR:process_memory_win.cc(73)] ReadMemory at 0xa7ab2c4000 of 6024 bytes failed: Запрос ReadProcessMemory или WriteProcessMemory был выполнен только частично. (0x12B)
[0315/012401.494:ERROR:process_memory_win.cc(73)] ReadMemory at 0xa7ab2c6000 of 6024 bytes failed: Запрос ReadProcessMemory или WriteProcessMemory был выполнен только частично. (0x12B)
[0315/012401.494:ERROR:process_memory_win.cc(73)] ReadMemory at 0x1e71f060000 of 384 bytes failed: Запрос ReadProcessMemory или WriteProcessMemory был выполнен только частично. (0x12B)
[0315/012401.495:ERROR:process_memory_win.cc(73)] ReadMemory at 0x1e71f060fe0 of 19188 bytes failed: Запрос ReadProcessMemory или WriteProcessMemory был выполнен только частично. (0x12B)
[0315/012401.495:ERROR:process_memory_win.cc(73)] ReadMemory at 0x1e71f065ae0 of 1012 bytes failed: Запрос ReadProcessMemory или WriteProcessMemory был выполнен только частично. (0x12B)
[0315/012401.495:ERROR:process_memory_win.cc(73)] ReadMemory at 0x1e71f066128 of 118 bytes failed: Запрос ReadProcessMemory или WriteProcessMemory был выполнен только частично. (0x12B)
[0315/012401.495:ERROR:process_memory_win.cc(73)] ReadMemory at 0x1e71f0661a0 of 748 bytes failed: Запрос ReadProcessMemory или WriteProcessMemory был выполнен только частично. (0x12B)
[0315/012401.495:ERROR:process_memory_win.cc(73)] ReadMemory at 0x1e71f06648e of 118 bytes failed: Запрос ReadProcessMemory или WriteProcessMemory был выполнен только частично. (0x12B)
[0315/012401.495:ERROR:process_memory_win.cc(73)] ReadMemory at 0x1e71f066506 of 100 bytes failed: Запрос ReadProcessMemory или WriteProcessMemory был выполнен только частично. (0x12B)
[0315/012401.495:ERROR:process_memory_win.cc(73)] ReadMemory at 0x1e71f066580 of 58 bytes failed: Запрос ReadProcessMemory или WriteProcessMemory был выполнен только частично. (0x12B)
[0315/012401.495:ERROR:process_memory_win.cc(73)] ReadMemory at 0x1e71f066680 of 132 bytes failed: Запрос ReadProcessMemory или WriteProcessMemory был выполнен только частично. (0x12B)
[0315/012401.495:ERROR:process_memory_win.cc(73)] ReadMemory at 0x1e71f066810 of 132 bytes failed: Запрос ReadProcessMemory или WriteProcessMemory был выполнен только частично. (0x12B)
[0315/012401.495:ERROR:process_memory_win.cc(73)] ReadMemory at 0x1e71f0669d0 of 126 bytes failed: Запрос ReadProcessMemory или WriteProcessMemory был выполнен только частично. (0x12B)
[0315/012401.495:ERROR:process_memory_win.cc(73)] ReadMemory at 0x1e71f066db0 of 132 bytes failed: Запрос ReadProcessMemory или WriteProcessMemory был выполнен только частично. (0x12B)
[0315/012401.495:ERROR:process_memory_win.cc(73)] ReadMemory at 0x1e71f066f40 of 64 bytes failed: Запрос ReadProcessMemory или WriteProcessMemory был выполнен только частично. (0x12B)
[0315/012401.495:ERROR:process_memory_win.cc(73)] ReadMemory at 0x1e71f066f90 of 132 bytes failed: Запрос ReadProcessMemory или WriteProcessMemory был выполнен только частично. (0x12B)
[0315/012401.495:ERROR:process_memory_win.cc(73)] ReadMemory at 0x1e71f067100 of 132 bytes failed: Запрос ReadProcessMemory или WriteProcessMemory был выполнен только частично. (0x12B)
[0315/012401.495:ERROR:process_memory_win.cc(73)] ReadMemory at 0x1e71f0673a0 of 132 bytes failed: Запрос ReadProcessMemory или WriteProcessMemory был выполнен только частично. (0x12B)
[0315/012401.495:ERROR:process_memory_win.cc(73)] ReadMemory at 0x1e71f067530 of 68 bytes failed: Запрос ReadProcessMemory или WriteProcessMemory был выполнен только частично. (0x12B)
[0315/012401.496:ERROR:process_memory_win.cc(73)] ReadMemory at 0x1e71f0685f0 of 132 bytes failed: Запрос ReadProcessMemory или WriteProcessMemory был выполнен только частично. (0x12B)
[0315/012401.496:ERROR:process_memory_win.cc(73)] ReadMemory at 0x1e71f068780 of 154 bytes failed: Запрос ReadProcessMemory или WriteProcessMemory был выполнен только частично. (0x12B)
[0315/012401.496:ERROR:process_memory_win.cc(73)] ReadMemory at 0x1e71f069620 of 62 bytes failed: Запрос ReadProcessMemory или WriteProcessMemory был выполнен только частично. (0x12B)
[0315/012401.496:ERROR:process_memory_win.cc(73)] ReadMemory at 0x1e71f0696a0 of 146 bytes failed: Запрос ReadProcessMemory или WriteProcessMemory был выполнен только частично. (0x12B)
[0315/012401.496:ERROR:process_memory_win.cc(73)] ReadMemory at 0x1e71f069780 of 132 bytes failed: Запрос ReadProcessMemory или WriteProcessMemory был выполнен только частично. (0x12B)
[0315/012401.496:ERROR:process_memory_win.cc(73)] ReadMemory at 0x1e71f069910 of 60 bytes failed: Запрос ReadProcessMemory или WriteProcessMemory был выполнен только частично. (0x12B)
[0315/012401.496:ERROR:process_memory_win.cc(73)] ReadMemory at 0x1e71f06a0d0 of 132 bytes failed: Запрос ReadProcessMemory или WriteProcessMemory был выполнен только частично. (0x12B)
[0315/012401.496:ERROR:process_memory_win.cc(73)] ReadMemory at 0x1e71f06b170 of 132 bytes failed: Запрос ReadProcessMemory или WriteProcessMemory был выполнен только частично. (0x12B)
[0315/012401.496:ERROR:process_memory_win.cc(73)] ReadMemory at 0x1e71f06b390 of 132 bytes failed: Запрос ReadProcessMemory или WriteProcessMemory был выполнен только частично. (0x12B)
[0315/012401.496:ERROR:process_memory_win.cc(73)] ReadMemory at 0x1e71f06b6f0 of 132 bytes failed: Запрос ReadProcessMemory или WriteProcessMemory был выполнен только частично. (0x12B)
[0315/012401.496:ERROR:process_memory_win.cc(73)] ReadMemory at 0x1e71f06dd40 of 132 bytes failed: Запрос ReadProcessMemory или WriteProcessMemory был выполнен только частично. (0x12B)
[0315/012401.496:ERROR:process_memory_win.cc(73)] ReadMemory at 0x1e71f06de70 of 132 bytes failed: Запрос ReadProcessMemory или WriteProcessMemory был выполнен только частично. (0x12B)
[0315/012401.496:ERROR:process_memory_win.cc(73)] ReadMemory at 0x1e71f06e000 of 80 bytes failed: Запрос ReadProcessMemory или WriteProcessMemory был выполнен только частично. (0x12B)
[0315/012401.496:ERROR:process_memory_win.cc(73)] ReadMemory at 0x1e71f06e290 of 64 bytes failed: Запрос ReadProcessMemory или WriteProcessMemory был выполнен только частично. (0x12B)
[0315/012401.496:ERROR:process_memory_win.cc(73)] ReadMemory at 0x1e71f06e330 of 64 bytes failed: Запрос ReadProcessMemory или WriteProcessMemory был выполнен только частично. (0x12B)
[0315/012401.497:ERROR:process_memory_win.cc(73)] ReadMemory at 0x1e71f06e470 of 60 bytes failed: Запрос ReadProcessMemory или WriteProcessMemory был выполнен только частично. (0x12B)
[0315/012401.497:ERROR:process_memory_win.cc(73)] ReadMemory at 0x1e71f06e510 of 66 bytes failed: Запрос ReadProcessMemory или WriteProcessMemory был выполнен только частично. (0x12B)
[0315/012401.497:ERROR:process_memory_win.cc(73)] ReadMemory at 0x1e71f06e600 of 64 bytes failed: Запрос ReadProcessMemory или WriteProcessMemory был выполнен только частично. (0x12B)
[0315/012401.497:ERROR:process_memory_win.cc(73)] ReadMemory at 0x1e71f06e650 of 64 bytes failed: Запрос ReadProcessMemory или WriteProcessMemory был выполнен только частично. (0x12B)
[0315/012401.497:ERROR:process_memory_win.cc(73)] ReadMemory at 0x1e71f06e790 of 62 bytes failed: Запрос ReadProcessMemory или WriteProcessMemory был выполнен только частично. (0x12B)
[0315/012401.497:ERROR:process_memory_win.cc(73)] ReadMemory at 0x1e71f06e7e0 of 62 bytes failed: Запрос ReadProcessMemory или WriteProcessMemory был выполнен только частично. (0x12B)
[0315/012401.497:ERROR:process_memory_win.cc(73)] ReadMemory at 0x1e71f06e830 of 60 bytes failed: Запрос ReadProcessMemory или WriteProcessMemory был выполнен только частично. (0x12B)
[0315/012401.497:ERROR:process_memory_win.cc(73)] ReadMemory at 0x1e71f06eee0 of 132 bytes failed: Запрос ReadProcessMemory или WriteProcessMemory был выполнен только частично. (0x12B)
[0315/012401.497:ERROR:process_memory_win.cc(73)] ReadMemory at 0x1e71f06f010 of 132 bytes failed: Запрос ReadProcessMemory или WriteProcessMemory был выполнен только частично. (0x12B)
[0315/012401.497:ERROR:process_memory_win.cc(73)] ReadMemory at 0x1e71f06f270 of 132 bytes failed: Запрос ReadProcessMemory или WriteProcessMemory был выполнен только частично. (0x12B)
[0315/012401.497:ERROR:process_memory_win.cc(73)] ReadMemory at 0x1e71f06f4d0 of 132 bytes failed: Запрос ReadProcessMemory или WriteProcessMemory был выполнен только частично. (0x12B)
[0315/012401.497:ERROR:process_memory_win.cc(73)] ReadMemory at 0x1e71f06f600 of 132 bytes failed: Запрос ReadProcessMemory или WriteProcessMemory был выполнен только частично. (0x12B)
[0315/012401.497:ERROR:process_memory_win.cc(73)] ReadMemory at 0x1e71f06f730 of 132 bytes failed: Запрос ReadProcessMemory или WriteProcessMemory был выполнен только частично. (0x12B)
[0315/012401.497:ERROR:process_memory_win.cc(73)] ReadMemory at 0x1e71f06f990 of 132 bytes failed: Запрос ReadProcessMemory или WriteProcessMemory был выполнен только частично. (0x12B)
[0315/012401.497:ERROR:process_memory_win.cc(73)] ReadMemory at 0x1e71f06fac0 of 132 bytes failed: Запрос ReadProcessMemory или WriteProcessMemory был выполнен только частично. (0x12B)
[0315/012401.497:ERROR:process_memory_win.cc(73)] ReadMemory at 0x1e71f06fbf0 of 132 bytes failed: Запрос ReadProcessMemory или WriteProcessMemory был выполнен только частично. (0x12B)
[0315/012401.498:ERROR:process_memory_win.cc(73)] ReadMemory at 0x1e71f0701e0 of 132 bytes failed: Запрос ReadProcessMemory или WriteProcessMemory был выполнен только частично. (0x12B)
[0315/012401.498:ERROR:process_memory_win.cc(73)] ReadMemory at 0x1e71f070310 of 132 bytes failed: Запрос ReadProcessMemory или WriteProcessMemory был выполнен только частично. (0x12B)
[0315/012401.498:ERROR:process_memory_win.cc(73)] ReadMemory at 0x1e71f070440 of 132 bytes failed: Запрос ReadProcessMemory или WriteProcessMemory был выполнен только частично. (0x12B)
[0315/012401.498:ERROR:process_memory_win.cc(73)] ReadMemory at 0x1e71f070570 of 132 bytes failed: Запрос ReadProcessMemory или WriteProcessMemory был выполнен только частично. (0x12B)
[0315/012401.498:ERROR:process_memory_win.cc(73)] ReadMemory at 0x1e71f0706a0 of 132 bytes failed: Запрос ReadProcessMemory или WriteProcessMemory был выполнен только частично. (0x12B)
[0315/012401.498:ERROR:process_memory_win.cc(73)] ReadMemory at 0x1e71f0707d0 of 132 bytes failed: Запрос ReadProcessMemory или WriteProcessMemory был выполнен только частично. (0x12B)
[0315/012401.498:ERROR:process_memory_win.cc(73)] ReadMemory at 0x1e71f070900 of 132 bytes failed: Запрос ReadProcessMemory или WriteProcessMemory был выполнен только частично. (0x12B)
[0315/012401.498:ERROR:process_memory_win.cc(73)] ReadMemory at 0x1e71f070a30 of 132 bytes failed: Запрос ReadProcessMemory или WriteProcessMemory был выполнен только частично. (0x12B)
[0315/012401.498:ERROR:process_memory_win.cc(73)] ReadMemory at 0x1e71f0713e0 of 132 bytes failed: Запрос ReadProcessMemory или WriteProcessMemory был выполнен только частично. (0x12B)
[0315/012401.498:ERROR:process_memory_win.cc(73)] ReadMemory at 0x1e71f071510 of 132 bytes failed: Запрос ReadProcessMemory или WriteProcessMemory был выполнен только частично. (0x12B)
[0315/012401.498:ERROR:process_memory_win.cc(73)] ReadMemory at 0x1e71f071640 of 132 bytes failed: Запрос ReadProcessMemory или WriteProcessMemory был выполнен только частично. (0x12B)
[0315/012401.498:ERROR:process_memory_win.cc(73)] ReadMemory at 0x1e71f071770 of 132 bytes failed: Запрос ReadProcessMemory или WriteProcessMemory был выполнен только частично. (0x12B)
[0315/012401.498:ERROR:process_memory_win.cc(73)] ReadMemory at 0x1e71f0718a0 of 132 bytes failed: Запрос ReadProcessMemory или WriteProcessMemory был выполнен только частично. (0x12B)
[0315/012401.498:ERROR:process_memory_win.cc(73)] ReadMemory at 0x1e71f073590 of 60 bytes failed: Запрос ReadProcessMemory или WriteProcessMemory был выполнен только частично. (0x12B)
[0315/012401.498:ERROR:process_memory_win.cc(73)] ReadMemory at 0x1e71f073680 of 60 bytes failed: Запрос ReadProcessMemory или WriteProcessMemory был выполнен только частично. (0x12B)
[0315/012401.498:ERROR:process_memory_win.cc(73)] ReadMemory at 0x1e71f073810 of 62 bytes failed: Запрос ReadProcessMemory или WriteProcessMemory был выполнен только частично. (0x12B)
[0315/012401.499:ERROR:process_memory_win.cc(73)] ReadMemory at 0x1e71f073860 of 62 bytes failed: Запрос ReadProcessMemory или WriteProcessMemory был выполнен только частично. (0x12B)
[0315/012401.499:ERROR:process_memory_win.cc(73)] ReadMemory at 0x1e71f073950 of 64 bytes failed: Запрос ReadProcessMemory или WriteProcessMemory был выполнен только частично. (0x12B)
[0315/012401.499:ERROR:process_memory_win.cc(73)] ReadMemory at 0x1e71f073b30 of 62 bytes failed: Запрос ReadProcessMemory или WriteProcessMemory был выполнен только частично. (0x12B)
[0315/012401.499:ERROR:process_memory_win.cc(73)] ReadMemory at 0x1e71f073c70 of 62 bytes failed: Запрос ReadProcessMemory или WriteProcessMemory был выполнен только частично. (0x12B)
[0315/012401.499:ERROR:process_memory_win.cc(73)] ReadMemory at 0x1e71f073e50 of 62 bytes failed: Запрос ReadProcessMemory или WriteProcessMemory был выполнен только частично. (0x12B)
[0315/012401.499:ERROR:process_memory_win.cc(73)] ReadMemory at 0x1e71f073ef0 of 64 bytes failed: Запрос ReadProcessMemory или WriteProcessMemory был выполнен только частично. (0x12B)
[0315/012401.499:ERROR:process_memory_win.cc(73)] ReadMemory at 0x1e71f073f40 of 60 bytes failed: Запрос ReadProcessMemory или WriteProcessMemory был выполнен только частично. (0x12B)
[0315/012401.499:ERROR:process_memory_win.cc(73)] ReadMemory at 0x1e71f073fe0 of 64 bytes failed: Запрос ReadProcessMemory или WriteProcessMemory был выполнен только частично. (0x12B)
[0315/012401.499:ERROR:process_memory_win.cc(73)] ReadMemory at 0x1e71f0740d0 of 60 bytes failed: Запрос ReadProcessMemory или WriteProcessMemory был выполнен только частично. (0x12B)
[0315/012401.499:ERROR:process_memory_win.cc(73)] ReadMemory at 0x1e71f074210 of 58 bytes failed: Запрос ReadProcessMemory или WriteProcessMemory был выполнен только частично. (0x12B)
[0315/012401.499:ERROR:process_memory_win.cc(73)] ReadMemory at 0x1e71f074260 of 62 bytes failed: Запрос ReadProcessMemory или WriteProcessMemory был выполнен только частично. (0x12B)
[0315/012401.499:ERROR:process_memory_win.cc(73)] ReadMemory at 0x1e71f074300 of 62 bytes failed: Запрос ReadProcessMemory или WriteProcessMemory был выполнен только частично. (0x12B)
[0315/012401.499:ERROR:process_memory_win.cc(73)] ReadMemory at 0x1e71f074350 of 66 bytes failed: Запрос ReadProcessMemory или WriteProcessMemory был выполнен только частично. (0x12B)
[0315/012401.499:ERROR:process_memory_win.cc(73)] ReadMemory at 0x1e71f074440 of 62 bytes failed: Запрос ReadProcessMemory или WriteProcessMemory был выполнен только частично. (0x12B)
[0315/012401.499:ERROR:process_memory_win.cc(73)] ReadMemory at 0x1e71f0744e0 of 64 bytes failed: Запрос ReadProcessMemory или WriteProcessMemory был выполнен только частично. (0x12B)
[0315/012401.499:ERROR:process_memory_win.cc(73)] ReadMemory at 0x1e71f075740 of 132 bytes failed: Запрос ReadProcessMemory или WriteProcessMemory был выполнен только частично. (0x12B)
[0315/012401.499:ERROR:process_memory_win.cc(73)] ReadMemory at 0x1e71f075e30 of 54 bytes failed: Запрос ReadProcessMemory или WriteProcessMemory был выполнен только частично. (0x12B)
[0315/012401.499:ERROR:process_memory_win.cc(73)] ReadMemory at 0x1e71f076f20 of 132 bytes failed: Запрос ReadProcessMemory или WriteProcessMemory был выполнен только частично. (0x12B)
[0315/012401.499:ERROR:process_memory_win.cc(73)] ReadMemory at 0x1e71f078e60 of 132 bytes failed: Запрос ReadProcessMemory или WriteProcessMemory был выполнен только частично. (0x12B)
[0315/012401.500:ERROR:process_memory_win.cc(73)] ReadMemory at 0x1e71f07bc50 of 76 bytes failed: Запрос ReadProcessMemory или WriteProcessMemory был выполнен только частично. (0x12B)
[0315/012401.500:ERROR:process_memory_win.cc(73)] ReadMemory at 0x1e71f07c670 of 80 bytes failed: Запрос ReadProcessMemory или WriteProcessMemory был выполнен только частично. (0x12B)
[0315/012401.500:ERROR:process_memory_win.cc(73)] ReadMemory at 0x1e71f099950 of 512 bytes failed: Запрос ReadProcessMemory или WriteProcessMemory был выполнен только частично. (0x12B)
[0315/012401.500:ERROR:process_memory_win.cc(73)] ReadMemory at 0x1e71f099f50 of 512 bytes failed: Запрос ReadProcessMemory или WriteProcessMemory был выполнен только частично. (0x12B)
[0315/012401.500:ERROR:process_memory_win.cc(73)] ReadMemory at 0x1e71f1a10c0 of 512 bytes failed: Запрос ReadProcessMemory или WriteProcessMemory был выполнен только частично. (0x12B)
[0315/012401.500:ERROR:process_memory_win.cc(73)] ReadMemory at 0x1e71f1a1840 of 704 bytes failed: Запрос ReadProcessMemory или WriteProcessMemory был выполнен только частично. (0x12B)
[0315/012401.500:ERROR:process_memory_win.cc(73)] ReadMemory at 0x1e71f1a1b40 of 512 bytes failed: Запрос ReadProcessMemory или WriteProcessMemory был выполнен только частично. (0x12B)
[0315/012401.500:ERROR:process_memory_win.cc(73)] ReadMemory at 0x1e71f4b2010 of 512 bytes failed: Запрос ReadProcessMemory или WriteProcessMemory был выполнен только частично. (0x12B)
[0315/012401.500:ERROR:process_memory_win.cc(73)] ReadMemory at 0x1e71f4b4ab0 of 512 bytes failed: Запрос ReadProcessMemory или WriteProcessMemory был выполнен только частично. (0x12B)
[0315/012401.500:ERROR:process_memory_win.cc(73)] ReadMemory at 0x1e71f4bdc80 of 512 bytes failed: Запрос ReadProcessMemory или WriteProcessMemory был выполнен только частично. (0x12B)
[0315/012401.500:ERROR:process_memory_win.cc(73)] ReadMemory at 0x1e71f4be340 of 512 bytes failed: Запрос ReadProcessMemory или WriteProcessMemory был выполнен только частично. (0x12B)
[0315/012401.500:ERROR:process_memory_win.cc(73)] ReadMemory at 0x1e71f4de7d0 of 512 bytes failed: Запрос ReadProcessMemory или WriteProcessMemory был выполнен только частично. (0x12B)
[0315/012401.500:ERROR:process_memory_win.cc(73)] ReadMemory at 0x1e71f4e0a88 of 512 bytes failed: Запрос ReadProcessMemory или WriteProcessMemory был выполнен только частично. (0x12B)
[0315/012401.500:ERROR:process_memory_win.cc(73)] ReadMemory at 0x1e71f4e1c88 of 512 bytes failed: Запрос ReadProcessMemory или WriteProcessMemory был выполнен только частично. (0x12B)
[0315/012401.500:ERROR:process_memory_win.cc(73)] ReadMemory at 0x1e71f4e2198 of 512 bytes failed: Запрос ReadProcessMemory или WriteProcessMemory был выполнен только частично. (0x12B)
[0315/012401.501:ERROR:process_memory_win.cc(73)] ReadMemory at 0x1e71f4e4c70 of 712 bytes failed: Запрос ReadProcessMemory или WriteProcessMemory был выполнен только частично. (0x12B)
[0315/012401.501:ERROR:process_memory_win.cc(73)] ReadMemory at 0x1e71f524ec0 of 512 bytes failed: Запрос ReadProcessMemory или WriteProcessMemory был выполнен только частично. (0x12B)
[0315/012401.501:ERROR:process_memory_win.cc(73)] ReadMemory at 0x1e71f527b00 of 512 bytes failed: Запрос ReadProcessMemory или WriteProcessMemory был выполнен только частично. (0x12B)
[0315/012401.501:ERROR:process_memory_win.cc(73)] ReadMemory at 0x1e7214e7e58 of 512 bytes failed: Запрос ReadProcessMemory или WriteProcessMemory был выполнен только частично. (0x12B)
[0315/012401.501:ERROR:process_memory_win.cc(73)] ReadMemory at 0x1e72156b1b0 of 512 bytes failed: Запрос ReadProcessMemory или WriteProcessMemory был выполнен только частично. (0x12B)
[0315/012401.501:ERROR:process_memory_win.cc(73)] ReadMemory at 0x7ffe40b0026c of 512 bytes failed: Запрос ReadProcessMemory или WriteProcessMemory был выполнен только частично. (0x12B)
[0315/012401.501:ERROR:process_memory_win.cc(73)] ReadMemory at 0x7ffe411ae6be of 553 bytes failed: Запрос ReadProcessMemory или WriteProcessMemory был выполнен только частично. (0x12B)
[0315/012401.501:ERROR:process_memory_win.cc(73)] ReadMemory at 0x7ffe459fd4e0 of 512 bytes failed: Запрос ReadProcessMemory или WriteProcessMemory был выполнен только частично. (0x12B)
[0315/012401.501:ERROR:process_memory_win.cc(73)] ReadMemory at 0x7ffeb67cb720 of 512 bytes failed: Запрос ReadProcessMemory или WriteProcessMemory был выполнен только частично. (0x12B)
[0315/012401.501:ERROR:process_memory_win.cc(73)] ReadMemory at 0x7ffeb95bc0c4 of 672 bytes failed: Запрос ReadProcessMemory или WriteProcessMemory был выполнен только частично. (0x12B)
[0315/012401.501:ERROR:process_memory_win.cc(73)] ReadMemory at 0x7ffeb95bc6c4 of 512 bytes failed: Запрос ReadProcessMemory или WriteProcessMemory был выполнен только частично. (0x12B)
[0315/012401.501:ERROR:process_memory_win.cc(73)] ReadMemory at 0x7ffeb95bf974 of 608 bytes failed: Запрос ReadProcessMemory или WriteProcessMemory был выполнен только частично. (0x12B)
[0315/012401.501:ERROR:process_memory_win.cc(73)] ReadMemory at 0x7ffeb964c428 of 18 bytes failed: Запрос ReadProcessMemory или WriteProcessMemory был выполнен только частично. (0x12B)
[0315/012401.501:ERROR:process_memory_win.cc(73)] ReadMemory at 0x7ffeb967f4f8 of 40 bytes failed: Запрос ReadProcessMemory или WriteProcessMemory был выполнен только частично. (0x12B)
[0315/012401.501:ERROR:process_memory_win.cc(73)] ReadMemory at 0x7ffeb967f978 of 48 bytes failed: Запрос ReadProcessMemory или WriteProcessMemory был выполнен только частично. (0x12B)
[0315/012401.502:ERROR:process_memory_win.cc(73)] ReadMemory at 0x7ffeb96853c0 of 64 bytes failed: Запрос ReadProcessMemory или WriteProcessMemory был выполнен только частично. (0x12B)
[0315/012401.505:ERROR:scoped_process_suspend.cc(40)] NtResumeProcess: Попытка доступа к процессу, выполняющему процедуру завершения. (0xc000010a)
